Log: Log file open, 04/05/23 19:29:05
Log: Virtual  memory allocation size:   0.00 MByte (0 Bytes)
Log: Physical memory allocation size:   0.00 MByte (0 Bytes)
Log: Float FoliageDrawRadiusMultiplier set to 1.000000
Log: Float FoliageDrawRadiusMultiplier set to 0.500000
Log: Float FoliageDrawRadiusMultiplier set to 1.000000
Log: Int TextureQuality set to 0
Log: Int PopulationAdjustment set to 0
Log: Int ResX set to 1920
Log: Int ResY set to 1080
Log: Virtual  memory allocation size:   0.00 MByte (0 Bytes)
Log: Physical memory allocation size:   0.00 MByte (0 Bytes)
Log: PrepareMapChange is saving off level arid_p to be loaded after transition to FakeEntry.
Log: PrepareMapChange is saving off level arid_env to be loaded after transition to FakeEntry.
Log: PrepareMapChange is saving off level Arid_Firestone to be loaded after transition to FakeEntry.
Log: PrepareMapChange is saving off level Arid_Audio to be loaded after transition to FakeEntry.
Log: PrepareMapChange is saving off level Arid_BusStop to be loaded after transition to FakeEntry.
Log: PrepareMapChange is saving off level Arid_Mineshaft_Entrance to be loaded after transition to FakeEntry.
Log: PrepareMapChange is saving off level arid_turbinestation to be loaded after transition to FakeEntry.
Log: PrepareMapChange is saving off level arid_tunnel to be loaded after transition to FakeEntry.
Log: PrepareMapChange is saving off level Arid_Farmstead to be loaded after transition to FakeEntry.
Log: PrepareMapChange is saving off level Arid_Light to be loaded after transition to FakeEntry.
Log: PrepareMapChange is saving off level Arid_p_spawnbox to be loaded after transition to FakeEntry.
Log: PrepareMapChange is saving off level Arid_SkagGully_P to be loaded after transition to FakeEntry.
Log: PrepareMapChange is saving off level arid_skaggully_vista to be loaded after transition to FakeEntry.
Log: PrepareMapChange is saving off level Arid_SkagGully_Env to be loaded after transition to FakeEntry.
Log: PrepareMapChange is saving off level Arid_SkagGully_Audio to be loaded after transition to FakeEntry.
Log: PrepareMapChange is saving off level Arid_SkagGully_NineToes to be loaded after transition to FakeEntry.
Log: PrepareMapChange is saving off level Arid_Skaggully_Spawnbox to be loaded after transition to FakeEntry.
Log: PrepareMapChange is saving off level arid_p to be loaded after transition to FakeEntry.
Log: PrepareMapChange is saving off level arid_env to be loaded after transition to FakeEntry.
Log: PrepareMapChange is saving off level Arid_Firestone to be loaded after transition to FakeEntry.
Log: PrepareMapChange is saving off level Arid_Audio to be loaded after transition to FakeEntry.
Log: PrepareMapChange is saving off level Arid_BusStop to be loaded after transition to FakeEntry.
Log: PrepareMapChange is saving off level Arid_Mineshaft_Entrance to be loaded after transition to FakeEntry.
Log: PrepareMapChange is saving off level arid_turbinestation to be loaded after transition to FakeEntry.
Log: PrepareMapChange is saving off level arid_tunnel to be loaded after transition to FakeEntry.
Log: PrepareMapChange is saving off level Arid_Farmstead to be loaded after transition to FakeEntry.
Log: PrepareMapChange is saving off level Arid_Light to be loaded after transition to FakeEntry.
Log: PrepareMapChange is saving off level Arid_p_spawnbox to be loaded after transition to FakeEntry.
Log: PrepareMapChange is saving off level Arid_SkagGully_P to be loaded after transition to FakeEntry.
Log: PrepareMapChange is saving off level arid_skaggully_vista to be loaded after transition to FakeEntry.
Log: PrepareMapChange is saving off level Arid_SkagGully_Env to be loaded after transition to FakeEntry.
Log: PrepareMapChange is saving off level Arid_SkagGully_Audio to be loaded after transition to FakeEntry.
Log: PrepareMapChange is saving off level Arid_SkagGully_NineToes to be loaded after transition to FakeEntry.
Log: PrepareMapChange is saving off level Arid_Skaggully_Spawnbox to be loaded after transition to FakeEntry.
Log: PrepareMapChange is saving off level arid_p to be loaded after transition to FakeEntry.
Log: PrepareMapChange is saving off level arid_env to be loaded after transition to FakeEntry.
Log: PrepareMapChange is saving off level Arid_Firestone to be loaded after transition to FakeEntry.
Log: PrepareMapChange is saving off level Arid_Audio to be loaded after transition to FakeEntry.
Log: PrepareMapChange is saving off level Arid_BusStop to be loaded after transition to FakeEntry.
Log: PrepareMapChange is saving off level Arid_Mineshaft_Entrance to be loaded after transition to FakeEntry.
Log: PrepareMapChange is saving off level arid_turbinestation to be loaded after transition to FakeEntry.
Log: PrepareMapChange is saving off level arid_tunnel to be loaded after transition to FakeEntry.
Log: PrepareMapChange is saving off level Arid_Farmstead to be loaded after transition to FakeEntry.
Log: PrepareMapChange is saving off level Arid_Light to be loaded after transition to FakeEntry.
Log: PrepareMapChange is saving off level Arid_p_spawnbox to be loaded after transition to FakeEntry.
Log: Virtual  memory allocation size:   0.00 MByte (0 Bytes)
Log: Physical memory allocation size:   0.00 MByte (0 Bytes)
Log: Closing by request
Log: Log file closed, 04/05/23 20:15:08
